This is pdfTeX, Version 3.141592653-2.6-1.40.22 (MiKTeX 21.2) (preloaded format=pdflatex 2021.3.8)  2 DEC 2021 14:04
entering extended mode
**./colins-bookdown-hacked.tex
(colins-bookdown-hacked.tex
LaTeX2e <2020-10-01> patch level 4
L3 programming layer <2021-02-18> xparse <2020-03-03>
(C:\Users\cchisholm\AppData\Local\Programs\MiKTeX 2.9\tex/latex/base\article.cl
s
Document Class: article 2020/04/10 v1.4m Standard LaTeX document class

(C:\Users\cchisholm\AppData\Local\Programs\MiKTeX 2.9\tex/latex/base\size10.clo
File: size10.clo 2020/04/10 v1.4m Standard LaTeX file (size option)
)
\c@part=\count179
\c@section=\count180
\c@subsection=\count181
\c@subsubsection=\count182
\c@paragraph=\count183
\c@subparagraph=\count184
\c@figure=\count185
\c@table=\count186
\abovecaptionskip=\skip47
\belowcaptionskip=\skip48
\bibindent=\dimen138
) (C:\Users\cchisholm\AppData\Local\Programs\MiKTeX 2.9\tex/latex/lm\lmodern.st
y
Package: lmodern 2009/10/30 v1.6 Latin Modern Fonts
LaTeX Font Info:    Overwriting symbol font `operators' in version `normal'
(Font)                  OT1/cmr/m/n --> OT1/lmr/m/n on input line 22.
LaTeX Font Info:    Overwriting symbol font `letters' in version `normal'
(Font)                  OML/cmm/m/it --> OML/lmm/m/it on input line 23.
LaTeX Font Info:    Overwriting symbol font `symbols' in version `normal'
(Font)                  OMS/cmsy/m/n --> OMS/lmsy/m/n on input line 24.
LaTeX Font Info:    Overwriting symbol font `largesymbols' in version `normal'
(Font)                  OMX/cmex/m/n --> OMX/lmex/m/n on input line 25.
LaTeX Font Info:    Overwriting symbol font `operators' in version `bold'
(Font)                  OT1/cmr/bx/n --> OT1/lmr/bx/n on input line 26.
LaTeX Font Info:    Overwriting symbol font `letters' in version `bold'
(Font)                  OML/cmm/b/it --> OML/lmm/b/it on input line 27.
LaTeX Font Info:    Overwriting symbol font `symbols' in version `bold'
(Font)                  OMS/cmsy/b/n --> OMS/lmsy/b/n on input line 28.
LaTeX Font Info:    Overwriting symbol font `largesymbols' in version `bold'
(Font)                  OMX/cmex/m/n --> OMX/lmex/m/n on input line 29.
LaTeX Font Info:    Overwriting math alphabet `\mathbf' in version `normal'
(Font)                  OT1/cmr/bx/n --> OT1/lmr/bx/n on input line 31.
LaTeX Font Info:    Overwriting math alphabet `\mathsf' in version `normal'
(Font)                  OT1/cmss/m/n --> OT1/lmss/m/n on input line 32.
LaTeX Font Info:    Overwriting math alphabet `\mathit' in version `normal'
(Font)                  OT1/cmr/m/it --> OT1/lmr/m/it on input line 33.
LaTeX Font Info:    Overwriting math alphabet `\mathtt' in version `normal'
(Font)                  OT1/cmtt/m/n --> OT1/lmtt/m/n on input line 34.
LaTeX Font Info:    Overwriting math alphabet `\mathbf' in version `bold'
(Font)                  OT1/cmr/bx/n --> OT1/lmr/bx/n on input line 35.
LaTeX Font Info:    Overwriting math alphabet `\mathsf' in version `bold'
(Font)                  OT1/cmss/bx/n --> OT1/lmss/bx/n on input line 36.
LaTeX Font Info:    Overwriting math alphabet `\mathit' in version `bold'
(Font)                  OT1/cmr/bx/it --> OT1/lmr/bx/it on input line 37.
LaTeX Font Info:    Overwriting math alphabet `\mathtt' in version `bold'
(Font)                  OT1/cmtt/m/n --> OT1/lmtt/m/n on input line 38.
)
(C:\Users\cchisholm\AppData\Local\Programs\MiKTeX 2.9\tex/latex/amsmath\amsmath
.sty
Package: amsmath 2020/09/23 v2.17i AMS math features
\@mathmargin=\skip49
For additional information on amsmath, use the `?' option.

(C:\Users\cchisholm\AppData\Local\Programs\MiKTeX 2.9\tex/latex/amsmath\amstext
.sty
Package: amstext 2000/06/29 v2.01 AMS text

(C:\Users\cchisholm\AppData\Local\Programs\MiKTeX 2.9\tex/latex/amsmath\amsgen.
sty
File: amsgen.sty 1999/11/30 v2.0 generic functions
\@emptytoks=\toks15
\ex@=\dimen139
))
(C:\Users\cchisholm\AppData\Local\Programs\MiKTeX 2.9\tex/latex/amsmath\amsbsy.
sty
Package: amsbsy 1999/11/29 v1.2d Bold Symbols
\pmbraise@=\dimen140
)
(C:\Users\cchisholm\AppData\Local\Programs\MiKTeX 2.9\tex/latex/amsmath\amsopn.
sty
Package: amsopn 2016/03/08 v2.02 operator names
)
\inf@bad=\count187
LaTeX Info: Redefining \frac on input line 234.
\uproot@=\count188
\leftroot@=\count189
LaTeX Info: Redefining \overline on input line 399.
\classnum@=\count190
\DOTSCASE@=\count191
LaTeX Info: Redefining \ldots on input line 496.
LaTeX Info: Redefining \dots on input line 499.
LaTeX Info: Redefining \cdots on input line 620.
\Mathstrutbox@=\box47
\strutbox@=\box48
\big@size=\dimen141
LaTeX Font Info:    Redeclaring font encoding OML on input line 743.
LaTeX Font Info:    Redeclaring font encoding OMS on input line 744.
\macc@depth=\count192
\c@MaxMatrixCols=\count193
\dotsspace@=\muskip16
\c@parentequation=\count194
\dspbrk@lvl=\count195
\tag@help=\toks16
\row@=\count196
\column@=\count197
\maxfields@=\count198
\andhelp@=\toks17
\eqnshift@=\dimen142
\alignsep@=\dimen143
\tagshift@=\dimen144
\tagwidth@=\dimen145
\totwidth@=\dimen146
\lineht@=\dimen147
\@envbody=\toks18
\multlinegap=\skip50
\multlinetaggap=\skip51
\mathdisplay@stack=\toks19
LaTeX Info: Redefining \[ on input line 2923.
LaTeX Info: Redefining \] on input line 2924.
)
(C:\Users\cchisholm\AppData\Local\Programs\MiKTeX 2.9\tex/generic/iftex\ifxetex
.sty
Package: ifxetex 2019/10/25 v0.7 ifxetex legacy package. Use iftex instead.

(C:\Users\cchisholm\AppData\Local\Programs\MiKTeX 2.9\tex/generic/iftex\iftex.s
ty
Package: iftex 2020/03/06 v1.0d TeX engine tests
))
(C:\Users\cchisholm\AppData\Local\Programs\MiKTeX 2.9\tex/generic/iftex\ifluate
x.sty
Package: ifluatex 2019/10/25 v1.5 ifluatex legacy package. Use iftex instead.
)
(C:\Users\cchisholm\AppData\Local\Programs\MiKTeX 2.9\tex/latex/base\fontenc.st
y
Package: fontenc 2020/08/10 v2.0s Standard LaTeX package
LaTeX Font Info:    Trying to load font information for T1+lmr on input line 11
2.
(C:\Users\cchisholm\AppData\Local\Programs\MiKTeX 2.9\tex/latex/lm\t1lmr.fd
File: t1lmr.fd 2009/10/30 v1.6 Font defs for Latin Modern
))
(C:\Users\cchisholm\AppData\Local\Programs\MiKTeX 2.9\tex/latex/base\inputenc.s
ty
Package: inputenc 2020/08/01 v1.3d Input encoding file
\inpenc@prehook=\toks20
\inpenc@posthook=\toks21
)
(C:\Users\cchisholm\AppData\Local\Programs\MiKTeX 2.9\tex/latex/base\textcomp.s
ty
Package: textcomp 2020/02/02 v2.0n Standard LaTeX package
)
(C:\Users\cchisholm\AppData\Local\Programs\MiKTeX 2.9\tex/latex/amsfonts\amssym
b.sty
Package: amssymb 2013/01/14 v3.01 AMS font symbols

(C:\Users\cchisholm\AppData\Local\Programs\MiKTeX 2.9\tex/latex/amsfonts\amsfon
ts.sty
Package: amsfonts 2013/01/14 v3.01 Basic AMSFonts support
\symAMSa=\mathgroup4
\symAMSb=\mathgroup5
LaTeX Font Info:    Redeclaring math symbol \hbar on input line 98.
LaTeX Font Info:    Overwriting math alphabet `\mathfrak' in version `bold'
(Font)                  U/euf/m/n --> U/euf/b/n on input line 106.
))
(C:\Users\cchisholm\AppData\Local\Programs\MiKTeX 2.9\tex/latex/upquote\upquote
.sty
Package: upquote 2012/04/19 v1.3 upright-quote and grave-accent glyphs in verba
tim
)
(C:\Users\cchisholm\AppData\Local\Programs\MiKTeX 2.9\tex/latex/microtype\micro
type.sty
Package: microtype 2021/02/25 v2.8b Micro-typographical refinements (RS)

(C:\Users\cchisholm\AppData\Local\Programs\MiKTeX 2.9\tex/latex/graphics\keyval
.sty
Package: keyval 2014/10/28 v1.15 key=value parser (DPC)
\KV@toks@=\toks22
)
\MT@toks=\toks23
\MT@count=\count199
LaTeX Info: Redefining \textls on input line 788.
\MT@outer@kern=\dimen148
LaTeX Info: Redefining \textmicrotypecontext on input line 1358.
\MT@listname@count=\count266

(C:\Users\cchisholm\AppData\Local\Programs\MiKTeX 2.9\tex/latex/microtype\micro
type-pdftex.def
File: microtype-pdftex.def 2021/02/25 v2.8b Definitions specific to pdftex (RS)

LaTeX Info: Redefining \lsstyle on input line 915.
LaTeX Info: Redefining \lslig on input line 915.
\MT@outer@space=\skip52
)
Package microtype Info: Loading configuration file microtype.cfg.

(C:\Users\cchisholm\AppData\Local\Programs\MiKTeX 2.9\tex/latex/microtype\micro
type.cfg
File: microtype.cfg 2021/02/25 v2.8b microtype main configuration file (RS)
))
(C:\Users\cchisholm\AppData\Local\Programs\MiKTeX 2.9\tex/latex/parskip\parskip
.sty
Package: parskip 2021-03-02 v2.0g non-zero parskip adjustments

(C:\Users\cchisholm\AppData\Local\Programs\MiKTeX 2.9\tex/latex/kvoptions\kvopt
ions.sty
Package: kvoptions 2020-10-07 v3.14 Key value format for package options (HO)

(C:\Users\cchisholm\AppData\Local\Programs\MiKTeX 2.9\tex/generic/ltxcmds\ltxcm
ds.sty
Package: ltxcmds 2020-05-10 v1.25 LaTeX kernel commands for general use (HO)
)
(C:\Users\cchisholm\AppData\Local\Programs\MiKTeX 2.9\tex/generic/kvsetkeys\kvs
etkeys.sty
Package: kvsetkeys 2019/12/15 v1.18 Key value parser (HO)
))
(C:\Users\cchisholm\AppData\Local\Programs\MiKTeX 2.9\tex/latex/etoolbox\etoolb
ox.sty
Package: etoolbox 2020/10/05 v2.5k e-TeX tools for LaTeX (JAW)
\etb@tempcnta=\count267
))
(C:\Users\cchisholm\AppData\Local\Programs\MiKTeX 2.9\tex/latex/xcolor\xcolor.s
ty
Package: xcolor 2016/05/11 v2.12 LaTeX color extensions (UK)

(C:\Users\cchisholm\AppData\Local\Programs\MiKTeX 2.9\tex/latex/graphics-cfg\co
lor.cfg
File: color.cfg 2016/01/02 v1.6 sample color configuration
)
Package xcolor Info: Driver file: pdftex.def on input line 225.

(C:\Users\cchisholm\AppData\Local\Programs\MiKTeX 2.9\tex/latex/graphics-def\pd
ftex.def
File: pdftex.def 2020/10/05 v1.2a Graphics/color driver for pdftex
)
Package xcolor Info: Model `cmy' substituted by `cmy0' on input line 1348.
Package xcolor Info: Model `hsb' substituted by `rgb' on input line 1352.
Package xcolor Info: Model `RGB' extended on input line 1364.
Package xcolor Info: Model `HTML' substituted by `rgb' on input line 1366.
Package xcolor Info: Model `Hsb' substituted by `hsb' on input line 1367.
Package xcolor Info: Model `tHsb' substituted by `hsb' on input line 1368.
Package xcolor Info: Model `HSB' substituted by `hsb' on input line 1369.
Package xcolor Info: Model `Gray' substituted by `gray' on input line 1370.
Package xcolor Info: Model `wave' substituted by `hsb' on input line 1371.
) (C:\Users\cchisholm\AppData\Local\Programs\MiKTeX 2.9\tex/latex/xurl\xurl.sty
Package: xurl 2020/12/30 v 0.09a modify URL breaks
(C:\Users\cchisholm\AppData\Local\Programs\MiKTeX 2.9\tex/latex/url\url.sty
\Urlmuskip=\muskip17
Package: url 2013/09/16  ver 3.4  Verb mode for urls, etc.
))
(C:\Users\cchisholm\AppData\Local\Programs\MiKTeX 2.9\tex/latex/bookmark\bookma
rk.sty
Package: bookmark 2020-11-06 v1.29 PDF bookmarks (HO)

(C:\Users\cchisholm\AppData\Local\Programs\MiKTeX 2.9\tex/latex/hyperref\hyperr
ef.sty
Package: hyperref 2021-02-27 v7.00k Hypertext links for LaTeX

(C:\Users\cchisholm\AppData\Local\Programs\MiKTeX 2.9\tex/generic/pdftexcmds\pd
ftexcmds.sty
Package: pdftexcmds 2020-06-27 v0.33 Utility functions of pdfTeX for LuaTeX (HO
)

(C:\Users\cchisholm\AppData\Local\Programs\MiKTeX 2.9\tex/generic/infwarerr\inf
warerr.sty
Package: infwarerr 2019/12/03 v1.5 Providing info/warning/error messages (HO)
)
Package pdftexcmds Info: \pdf@primitive is available.
Package pdftexcmds Info: \pdf@ifprimitive is available.
Package pdftexcmds Info: \pdfdraftmode found.
)
(C:\Users\cchisholm\AppData\Local\Programs\MiKTeX 2.9\tex/generic/kvdefinekeys\
kvdefinekeys.sty
Package: kvdefinekeys 2019-12-19 v1.6 Define keys (HO)
)
(C:\Users\cchisholm\AppData\Local\Programs\MiKTeX 2.9\tex/generic/pdfescape\pdf
escape.sty
Package: pdfescape 2019/12/09 v1.15 Implements pdfTeX's escape features (HO)
)
(C:\Users\cchisholm\AppData\Local\Programs\MiKTeX 2.9\tex/latex/hycolor\hycolor
.sty
Package: hycolor 2020-01-27 v1.10 Color options for hyperref/bookmark (HO)
)
(C:\Users\cchisholm\AppData\Local\Programs\MiKTeX 2.9\tex/latex/letltxmacro\let
ltxmacro.sty
Package: letltxmacro 2019/12/03 v1.6 Let assignment for LaTeX macros (HO)
)
(C:\Users\cchisholm\AppData\Local\Programs\MiKTeX 2.9\tex/latex/auxhook\auxhook
.sty
Package: auxhook 2019-12-17 v1.6 Hooks for auxiliary files (HO)
)
\@linkdim=\dimen149
\Hy@linkcounter=\count268
\Hy@pagecounter=\count269

(C:\Users\cchisholm\AppData\Local\Programs\MiKTeX 2.9\tex/latex/hyperref\pd1enc
.def
File: pd1enc.def 2021-02-27 v7.00k Hyperref: PDFDocEncoding definition (HO)
Now handling font encoding PD1 ...
... no UTF-8 mapping file for font encoding PD1
)
(C:\Users\cchisholm\AppData\Local\Programs\MiKTeX 2.9\tex/latex/hyperref\hyperr
ef-langpatches.def
File: hyperref-langpatches.def 2021-02-27 v7.00k Hyperref: patches for babel la
nguages
)
(C:\Users\cchisholm\AppData\Local\Programs\MiKTeX 2.9\tex/generic/intcalc\intca
lc.sty
Package: intcalc 2019/12/15 v1.3 Expandable calculations with integers (HO)
)
(C:\Users\cchisholm\AppData\Local\Programs\MiKTeX 2.9\tex/generic/etexcmds\etex
cmds.sty
Package: etexcmds 2019/12/15 v1.7 Avoid name clashes with e-TeX commands (HO)
)
\Hy@SavedSpaceFactor=\count270

(C:\Users\cchisholm\AppData\Local\Programs\MiKTeX 2.9\tex/latex/hyperref\puenc.
def
File: puenc.def 2021-02-27 v7.00k Hyperref: PDF Unicode definition (HO)
Now handling font encoding PU ...
... no UTF-8 mapping file for font encoding PU
)
Package hyperref Info: Option `unicode' set `true' on input line 4073.
Package hyperref Info: Hyper figures OFF on input line 4192.
Package hyperref Info: Link nesting OFF on input line 4197.
Package hyperref Info: Hyper index ON on input line 4200.
Package hyperref Info: Plain pages OFF on input line 4207.
Package hyperref Info: Backreferencing OFF on input line 4212.
Package hyperref Info: Implicit mode ON; LaTeX internals redefined.
Package hyperref Info: Bookmarks ON on input line 4445.
\c@Hy@tempcnt=\count271
LaTeX Info: Redefining \url on input line 4804.
\XeTeXLinkMargin=\dimen150

(C:\Users\cchisholm\AppData\Local\Programs\MiKTeX 2.9\tex/generic/bitset\bitset
.sty
Package: bitset 2019/12/09 v1.3 Handle bit-vector datatype (HO)

(C:\Users\cchisholm\AppData\Local\Programs\MiKTeX 2.9\tex/generic/bigintcalc\bi
gintcalc.sty
Package: bigintcalc 2019/12/15 v1.5 Expandable calculations on big integers (HO
)
))
\Fld@menulength=\count272
\Field@Width=\dimen151
\Fld@charsize=\dimen152
Package hyperref Info: Hyper figures OFF on input line 6075.
Package hyperref Info: Link nesting OFF on input line 6080.
Package hyperref Info: Hyper index ON on input line 6083.
Package hyperref Info: backreferencing OFF on input line 6090.
Package hyperref Info: Link coloring OFF on input line 6095.
Package hyperref Info: Link coloring with OCG OFF on input line 6100.
Package hyperref Info: PDF/A mode OFF on input line 6105.
LaTeX Info: Redefining \ref on input line 6145.
LaTeX Info: Redefining \pageref on input line 6149.

(C:\Users\cchisholm\AppData\Local\Programs\MiKTeX 2.9\tex/latex/base\atbegshi-l
tx.sty
Package: atbegshi-ltx 2020/08/17 v1.0a Emulation of the original atbegshi packa
ge
with kernel methods
)
\Hy@abspage=\count273
\c@Item=\count274
\c@Hfootnote=\count275
)
Package hyperref Info: Driver (autodetected): hpdftex.

(C:\Users\cchisholm\AppData\Local\Programs\MiKTeX 2.9\tex/latex/hyperref\hpdfte
x.def
File: hpdftex.def 2021-02-27 v7.00k Hyperref driver for pdfTeX

(C:\Users\cchisholm\AppData\Local\Programs\MiKTeX 2.9\tex/latex/base\atveryend-
ltx.sty
Package: atveryend-ltx 2020/08/19 v1.0a Emulation of the original atvery packag
e
with kernel methods
)
\Fld@listcount=\count276
\c@bookmark@seq@number=\count277

(C:\Users\cchisholm\AppData\Local\Programs\MiKTeX 2.9\tex/latex/rerunfilecheck\
rerunfilecheck.sty
Package: rerunfilecheck 2019/12/05 v1.9 Rerun checks for auxiliary files (HO)

(C:\Users\cchisholm\AppData\Local\Programs\MiKTeX 2.9\tex/generic/uniquecounter
\uniquecounter.sty
Package: uniquecounter 2019/12/15 v1.4 Provide unlimited unique counter (HO)
)
Package uniquecounter Info: New unique counter `rerunfilecheck' on input line 2
86.
)
\Hy@SectionHShift=\skip53
)
(C:\Users\cchisholm\AppData\Local\Programs\MiKTeX 2.9\tex/latex/bookmark\bkm-pd
ftex.def
File: bkm-pdftex.def 2020-11-06 v1.29 bookmark driver for pdfTeX (HO)
\BKM@id=\count278
))
(C:\Users\cchisholm\AppData\Local\Programs\MiKTeX 2.9\tex/latex/geometry\geomet
ry.sty
Package: geometry 2020/01/02 v5.9 Page Geometry

(C:\Users\cchisholm\AppData\Local\Programs\MiKTeX 2.9\tex/generic/iftex\ifvtex.
sty
Package: ifvtex 2019/10/25 v1.7 ifvtex legacy package. Use iftex instead.
)
\Gm@cnth=\count279
\Gm@cntv=\count280
\c@Gm@tempcnt=\count281
\Gm@bindingoffset=\dimen153
\Gm@wd@mp=\dimen154
\Gm@odd@mp=\dimen155
\Gm@even@mp=\dimen156
\Gm@layoutwidth=\dimen157
\Gm@layoutheight=\dimen158
\Gm@layouthoffset=\dimen159
\Gm@layoutvoffset=\dimen160
\Gm@dimlist=\toks24

(C:\Users\cchisholm\AppData\Local\Programs\MiKTeX 2.9\tex/latex/geometry\geomet
ry.cfg))
(C:\Users\cchisholm\AppData\Local\Programs\MiKTeX 2.9\tex/latex/fancyvrb\fancyv
rb.sty
Package: fancyvrb 2021/01/20 v3.7 verbatim text (tvz,hv)
\FV@CodeLineNo=\count282
\FV@InFile=\read2
\FV@TabBox=\box49
\c@FancyVerbLine=\count283
\FV@StepNumber=\count284
\FV@OutFile=\write3
)
(C:\Users\cchisholm\AppData\Local\Programs\MiKTeX 2.9\tex/latex/framed\framed.s
ty
Package: framed 2011/10/22 v 0.96: framed or shaded text with page breaks
\OuterFrameSep=\skip54
\fb@frw=\dimen161
\fb@frh=\dimen162
\FrameRule=\dimen163
\FrameSep=\dimen164
)
(C:\Users\cchisholm\AppData\Local\Programs\MiKTeX 2.9\tex/latex/latex-tools\lon
gtable.sty
Package: longtable 2020/01/07 v4.13 Multi-page Table package (DPC)
\LTleft=\skip55
\LTright=\skip56
\LTpre=\skip57
\LTpost=\skip58
\LTchunksize=\count285
\LTcapwidth=\dimen165
\LT@head=\box50
\LT@firsthead=\box51
\LT@foot=\box52
\LT@lastfoot=\box53
\LT@cols=\count286
\LT@rows=\count287
\c@LT@tables=\count288
\c@LT@chunks=\count289
\LT@p@ftn=\toks25
)
(C:\Users\cchisholm\AppData\Local\Programs\MiKTeX 2.9\tex/latex/booktabs\bookta
bs.sty
Package: booktabs 2020/01/12 v1.61803398 Publication quality tables
\heavyrulewidth=\dimen166
\lightrulewidth=\dimen167
\cmidrulewidth=\dimen168
\belowrulesep=\dimen169
\belowbottomsep=\dimen170
\aboverulesep=\dimen171
\abovetopsep=\dimen172
\cmidrulesep=\dimen173
\cmidrulekern=\dimen174
\defaultaddspace=\dimen175
\@cmidla=\count290
\@cmidlb=\count291
\@aboverulesep=\dimen176
\@belowrulesep=\dimen177
\@thisruleclass=\count292
\@lastruleclass=\count293
\@thisrulewidth=\dimen178
)
(C:\Users\cchisholm\AppData\Local\Programs\MiKTeX 2.9\tex/latex/latex-tools\cal
c.sty
Package: calc 2017/05/25 v4.3 Infix arithmetic (KKT,FJ)
\calc@Acount=\count294
\calc@Bcount=\count295
\calc@Adimen=\dimen179
\calc@Bdimen=\dimen180
\calc@Askip=\skip59
\calc@Bskip=\skip60
LaTeX Info: Redefining \setlength on input line 80.
LaTeX Info: Redefining \addtolength on input line 81.
\calc@Ccount=\count296
\calc@Cskip=\skip61
)
(C:\Users\cchisholm\AppData\Local\Programs\MiKTeX 2.9\tex/latex/footnotehyper\f
ootnotehyper.sty
Package: footnotehyper 2021/02/04 v1.1d hyperref aware footnote.sty (JFB)
\FNH@notes=\box54
\FNH@width=\dimen181
\FNH@toks=\toks26
)
(C:\Users\cchisholm\AppData\Local\Programs\MiKTeX 2.9\tex/latex/graphics\graphi
cx.sty
Package: graphicx 2020/09/09 v1.2b Enhanced LaTeX Graphics (DPC,SPQR)

(C:\Users\cchisholm\AppData\Local\Programs\MiKTeX 2.9\tex/latex/graphics\graphi
cs.sty
Package: graphics 2020/08/30 v1.4c Standard LaTeX Graphics (DPC,SPQR)

(C:\Users\cchisholm\AppData\Local\Programs\MiKTeX 2.9\tex/latex/graphics\trig.s
ty
Package: trig 2016/01/03 v1.10 sin cos tan (DPC)
)
(C:\Users\cchisholm\AppData\Local\Programs\MiKTeX 2.9\tex/latex/graphics-cfg\gr
aphics.cfg
File: graphics.cfg 2016/06/04 v1.11 sample graphics configuration
)
Package graphics Info: Driver file: pdftex.def on input line 105.
)
\Gin@req@height=\dimen182
\Gin@req@width=\dimen183
)
(C:\Users\cchisholm\AppData\Local\Programs\MiKTeX 2.9\tex/latex/latex-tools\arr
ay.sty
Package: array 2020/10/01 v2.5c Tabular extension package (FMi)
\col@sep=\dimen184
\ar@mcellbox=\box55
\extrarowheight=\dimen185
\NC@list=\toks27
\extratabsurround=\skip62
\backup@length=\skip63
\ar@cellbox=\box56
)
(C:\Users\cchisholm\AppData\Local\Programs\MiKTeX 2.9\tex/latex/multirow\multir
ow.sty
Package: multirow 2021/01/29 v2.7 Span multiple rows of a table
\multirow@colwidth=\skip64
\multirow@cntb=\count297
\multirow@dima=\skip65
\bigstrutjot=\dimen186
)
(C:\Users\cchisholm\AppData\Local\Programs\MiKTeX 2.9\tex/latex/wrapfig\wrapfig
.sty
\wrapoverhang=\dimen187
\WF@size=\dimen188
\c@WF@wrappedlines=\count298
\WF@box=\box57
\WF@everypar=\toks28
Package: wrapfig 2003/01/31  v 3.6
)
(C:\Users\cchisholm\AppData\Local\Programs\MiKTeX 2.9\tex/latex/float\float.sty
Package: float 2001/11/08 v1.3d Float enhancements (AL)
\c@float@type=\count299
\float@exts=\toks29
\float@box=\box58
\@float@everytoks=\toks30
\@floatcapt=\box59
)
(C:\Users\cchisholm\AppData\Local\Programs\MiKTeX 2.9\tex/latex/colortbl\colort
bl.sty
Package: colortbl 2020/01/04 v1.0e Color table columns (DPC)
\everycr=\toks31
\minrowclearance=\skip66
)
(C:\Users\cchisholm\AppData\Local\Programs\MiKTeX 2.9\tex/latex/pdflscape\pdfls
cape.sty
Package: pdflscape 2019/12/05 v0.12 Display of landscape pages in PDF (HO)

(C:\Users\cchisholm\AppData\Local\Programs\MiKTeX 2.9\tex/latex/graphics\lscape
.sty
Package: lscape 2020/05/28 v3.02 Landscape Pages (DPC)
)
Package pdflscape Info: Auto-detected driver: pdftex on input line 81.
) (C:\Users\cchisholm\AppData\Local\Programs\MiKTeX 2.9\tex/latex/tabu\tabu.sty
Package: tabu 2019/01/11 v2.9 - flexible LaTeX tabulars (FC+tabu-fixed)

(C:\Users\cchisholm\AppData\Local\Programs\MiKTeX 2.9\tex/latex/varwidth\varwid
th.sty
Package: varwidth 2009/03/30 ver 0.92;  Variable-width minipages
\@vwid@box=\box60
\sift@deathcycles=\count300
\@vwid@loff=\dimen189
\@vwid@roff=\dimen190
)
\c@taburow=\count301
\tabu@nbcols=\count302
\tabu@cnt=\count303
\tabu@Xcol=\count304
\tabu@alloc=\count305
\tabu@nested=\count306
\tabu@target=\dimen191
\tabu@spreadtarget=\dimen192
\tabu@naturalX=\dimen193
\tabucolX=\dimen194
\tabu@Xsum=\dimen195
\extrarowdepth=\dimen196
\abovetabulinesep=\dimen197
\belowtabulinesep=\dimen198
\tabustrutrule=\dimen199
\tabu@thebody=\toks32
\tabu@footnotes=\toks33
\tabu@box=\box61
\tabu@arstrutbox=\box62
\tabu@hleads=\box63
\tabu@vleads=\box64
\tabu@cellskip=\skip67
)
(C:\Users\cchisholm\AppData\Local\Programs\MiKTeX 2.9\tex/latex/threeparttable\
threeparttable.sty
Package: threeparttable 2003/06/13  v 3.0
\@tempboxb=\box65
)
(C:\Users\cchisholm\AppData\Local\Programs\MiKTeX 2.9\tex/latex/threeparttablex
\threeparttablex.sty
Package: threeparttablex 2013/07/23 v0.3 by daleif

(C:\Users\cchisholm\AppData\Local\Programs\MiKTeX 2.9\tex/latex/environ\environ
.sty
Package: environ 2014/05/04 v0.3 A new way to define environments

(C:\Users\cchisholm\AppData\Local\Programs\MiKTeX 2.9\tex/latex/trimspaces\trim
spaces.sty
Package: trimspaces 2009/09/17 v1.1 Trim spaces around a token list
))
\TPTL@width=\skip68
) (C:\Users\cchisholm\AppData\Local\Programs\MiKTeX 2.9\tex/latex/ulem\ulem.sty
\UL@box=\box66
\UL@hyphenbox=\box67
\UL@skip=\skip69
\UL@hook=\toks34
\UL@height=\dimen256
\UL@pe=\count307
\UL@pixel=\dimen257
\ULC@box=\box68
Package: ulem 2019/11/18
\ULdepth=\dimen258
)
(C:\Users\cchisholm\AppData\Local\Programs\MiKTeX 2.9\tex/latex/makecell\makece
ll.sty
Package: makecell 2009/08/03 V0.1e Managing of Tab Column Heads and Cells
\rotheadsize=\dimen259
\c@nlinenum=\count308
\TeXr@lab=\toks35
)
(C:\Users\cchisholm\AppData\Local\Programs\MiKTeX 2.9\tex/latex/lineno\lineno.s
ty
Package: lineno 2005/11/02 line numbers on paragraphs v4.41
\linenopenalty=\count309
\output=\toks36
\linenoprevgraf=\count310
\linenumbersep=\dimen260
\linenumberwidth=\dimen261
\c@linenumber=\count311
\c@pagewiselinenumber=\count312
\c@LN@truepage=\count313
\c@internallinenumber=\count314
\c@internallinenumbers=\count315
\quotelinenumbersep=\dimen262
\bframerule=\dimen263
\bframesep=\dimen264
\bframebox=\box69
LaTeX Info: Redefining \\ on input line 3056.
)
(C:\Users\cchisholm\AppData\Local\Programs\MiKTeX 2.9\tex/latex/setspace\setspa
ce.sty
Package: setspace 2011/12/19 v6.7a set line spacing
)
(C:\Users\cchisholm\AppData\Local\Programs\MiKTeX 2.9\tex/latex/endfloat\endflo
at.sty
Package: endfloat 2019/04/15 v2.7 LaTeX2e package puts figures and tables at en
d (jdm)
\c@postfigure=\count316
\efloat@postfff=\write4
\@ef@fffopen=\count317
)
(C:\Users\cchisholm\AppData\Local\Programs\MiKTeX 2.9\tex/latex/natbib\natbib.s
ty
Package: natbib 2010/09/13 8.31b (PWD, AO)
\bibhang=\skip70
\bibsep=\skip71
LaTeX Info: Redefining \cite on input line 694.
\c@NAT@ctr=\count318
)
(C:\Users\cchisholm\AppData\Local\Programs\MiKTeX 2.9\tex/latex/l3backend\l3bac
kend-pdftex.def
File: l3backend-pdftex.def 2021-03-02 L3 backend support: PDF output (pdfTeX)
\l__color_backend_stack_int=\count319
\l__pdf_internal_box=\box70
) (colins-bookdown-hacked.aux)
\openout1 = `colins-bookdown-hacked.aux'.

LaTeX Font Info:    Checking defaults for OML/cmm/m/it on input line 174.
LaTeX Font Info:    ... okay on input line 174.
LaTeX Font Info:    Checking defaults for OMS/cmsy/m/n on input line 174.
LaTeX Font Info:    ... okay on input line 174.
LaTeX Font Info:    Checking defaults for OT1/cmr/m/n on input line 174.
LaTeX Font Info:    ... okay on input line 174.
LaTeX Font Info:    Checking defaults for T1/cmr/m/n on input line 174.
LaTeX Font Info:    ... okay on input line 174.
LaTeX Font Info:    Checking defaults for TS1/cmr/m/n on input line 174.
LaTeX Font Info:    ... okay on input line 174.
LaTeX Font Info:    Checking defaults for OMX/cmex/m/n on input line 174.
LaTeX Font Info:    ... okay on input line 174.
LaTeX Font Info:    Checking defaults for U/cmr/m/n on input line 174.
LaTeX Font Info:    ... okay on input line 174.
LaTeX Font Info:    Checking defaults for PD1/pdf/m/n on input line 174.
LaTeX Font Info:    ... okay on input line 174.
LaTeX Font Info:    Checking defaults for PU/pdf/m/n on input line 174.
LaTeX Font Info:    ... okay on input line 174.
LaTeX Info: Redefining \microtypecontext on input line 174.
Package microtype Info: Generating PDF output.
Package microtype Info: Character protrusion enabled (level 2).
Package microtype Info: Using protrusion set `basicmath'.
Package microtype Info: Automatic font expansion enabled (level 2),
(microtype)             stretch: 20, shrink: 20, step: 1, non-selected.
Package microtype Info: Using default expansion set `alltext-nott'.
LaTeX Info: Redefining \showhyphens on input line 174.
Package microtype Info: No adjustment of tracking.
Package microtype Info: No adjustment of interword spacing.
Package microtype Info: No adjustment of character kerning.

(C:\Users\cchisholm\AppData\Local\Programs\MiKTeX 2.9\tex/latex/microtype\mt-cm
r.cfg
File: mt-cmr.cfg 2013/05/19 v2.2 microtype config. file: Computer Modern Roman 
(RS)
)
(C:\Users\cchisholm\AppData\Local\Programs\MiKTeX 2.9\tex/context/base/mkii\sup
p-pdf.mkii
[Loading MPS to PDF converter (version 2006.09.02).]
\scratchcounter=\count320
\scratchdimen=\dimen265
\scratchbox=\box71
\nofMPsegments=\count321
\nofMParguments=\count322
\everyMPshowfont=\toks37
\MPscratchCnt=\count323
\MPscratchDim=\dimen266
\MPnumerator=\count324
\makeMPintoPDFobject=\count325
\everyMPtoPDFconversion=\toks38
)
(C:\Users\cchisholm\AppData\Local\Programs\MiKTeX 2.9\tex/latex/epstopdf-pkg\ep
stopdf-base.sty
Package: epstopdf-base 2020-01-24 v2.11 Base part for package epstopdf
Package epstopdf-base Info: Redefining graphics rule for `.eps' on input line 4
85.
)
Package hyperref Info: Link coloring OFF on input line 174.

(C:\Users\cchisholm\AppData\Local\Programs\MiKTeX 2.9\tex/latex/hyperref\namere
f.sty
Package: nameref 2021-04-02 v2.47 Cross-referencing by name of section

(C:\Users\cchisholm\AppData\Local\Programs\MiKTeX 2.9\tex/latex/refcount\refcou
nt.sty
Package: refcount 2019/12/15 v3.6 Data extraction from label references (HO)
)
(C:\Users\cchisholm\AppData\Local\Programs\MiKTeX 2.9\tex/generic/gettitlestrin
g\gettitlestring.sty
Package: gettitlestring 2019/12/15 v1.6 Cleanup title references (HO)
)
\c@section@level=\count326
)
LaTeX Info: Redefining \ref on input line 174.
LaTeX Info: Redefining \pageref on input line 174.
LaTeX Info: Redefining \nameref on input line 174.
*geometry* driver: auto-detecting
*geometry* detected driver: pdftex
*geometry* verbose mode - [ preamble ] result:
* driver: pdftex
* paper: <default>
* layout: <same size as paper>
* layoutoffset:(h,v)=(0.0pt,0.0pt)
* modes: 
* h-part:(L,W,R)=(72.26999pt, 469.75502pt, 72.26999pt)
* v-part:(T,H,B)=(72.26999pt, 650.43001pt, 72.26999pt)
* \paperwidth=614.295pt
* \paperheight=794.96999pt
* \textwidth=469.75502pt
* \textheight=650.43001pt
* \oddsidemargin=0.0pt
* \evensidemargin=0.0pt
* \topmargin=-37.0pt
* \headheight=12.0pt
* \headsep=25.0pt
* \topskip=10.0pt
* \footskip=30.0pt
* \marginparwidth=65.0pt
* \marginparsep=11.0pt
* \columnsep=10.0pt
* \skip\footins=9.0pt plus 4.0pt minus 2.0pt
* \hoffset=0.0pt
* \voffset=0.0pt
* \mag=1000
* \@twocolumnfalse
* \@twosidefalse
* \@mparswitchfalse
* \@reversemarginfalse
* (1in=72.27pt=25.4mm, 1cm=28.453pt)

LaTeX Font Info:    Trying to load font information for T1+lmss on input line 1
76.
(C:\Users\cchisholm\AppData\Local\Programs\MiKTeX 2.9\tex/latex/lm\t1lmss.fd
File: t1lmss.fd 2009/10/30 v1.6 Font defs for Latin Modern
)
LaTeX Font Info:    Trying to load font information for OT1+lmr on input line 1
76.
(C:\Users\cchisholm\AppData\Local\Programs\MiKTeX 2.9\tex/latex/lm\ot1lmr.fd
File: ot1lmr.fd 2009/10/30 v1.6 Font defs for Latin Modern
)
LaTeX Font Info:    Trying to load font information for OML+lmm on input line 1
76.
(C:\Users\cchisholm\AppData\Local\Programs\MiKTeX 2.9\tex/latex/lm\omllmm.fd
File: omllmm.fd 2009/10/30 v1.6 Font defs for Latin Modern
)
LaTeX Font Info:    Trying to load font information for OMS+lmsy on input line 
176.
(C:\Users\cchisholm\AppData\Local\Programs\MiKTeX 2.9\tex/latex/lm\omslmsy.fd
File: omslmsy.fd 2009/10/30 v1.6 Font defs for Latin Modern
)
LaTeX Font Info:    Trying to load font information for OMX+lmex on input line 
176.
(C:\Users\cchisholm\AppData\Local\Programs\MiKTeX 2.9\tex/latex/lm\omxlmex.fd
File: omxlmex.fd 2009/10/30 v1.6 Font defs for Latin Modern
)
LaTeX Font Info:    External font `lmex10' loaded for size
(Font)              <12> on input line 176.
LaTeX Font Info:    External font `lmex10' loaded for size
(Font)              <8> on input line 176.
LaTeX Font Info:    External font `lmex10' loaded for size
(Font)              <6> on input line 176.
LaTeX Font Info:    Trying to load font information for U+msa on input line 176
.

(C:\Users\cchisholm\AppData\Local\Programs\MiKTeX 2.9\tex/latex/amsfonts\umsa.f
d
File: umsa.fd 2013/01/14 v3.01 AMS symbols A
)
(C:\Users\cchisholm\AppData\Local\Programs\MiKTeX 2.9\tex/latex/microtype\mt-ms
a.cfg
File: mt-msa.cfg 2006/02/04 v1.1 microtype config. file: AMS symbols (a) (RS)
)
LaTeX Font Info:    Trying to load font information for U+msb on input line 176
.

(C:\Users\cchisholm\AppData\Local\Programs\MiKTeX 2.9\tex/latex/amsfonts\umsb.f
d
File: umsb.fd 2013/01/14 v3.01 AMS symbols B
)
(C:\Users\cchisholm\AppData\Local\Programs\MiKTeX 2.9\tex/latex/microtype\mt-ms
b.cfg
File: mt-msb.cfg 2005/06/01 v1.0 microtype config. file: AMS symbols (b) (RS)
) (colins-bookdown-hacked.toc
LaTeX Font Info:    External font `lmex10' loaded for size
(Font)              <10> on input line 3.
LaTeX Font Info:    External font `lmex10' loaded for size
(Font)              <7> on input line 3.
LaTeX Font Info:    External font `lmex10' loaded for size
(Font)              <5> on input line 3.
)
\tf@toc=\write5
\openout5 = `colins-bookdown-hacked.toc'.

[1

{C:/Users/cchisholm/AppData/Local/MiKTeX/2.9/pdftex/config/pdftex.map}]
LaTeX Font Info:    Trying to load font information for T1+lmtt on input line 1
93.
(C:\Users\cchisholm\AppData\Local\Programs\MiKTeX 2.9\tex/latex/lm\t1lmtt.fd
File: t1lmtt.fd 2009/10/30 v1.6 Font defs for Latin Modern
)
LaTeX Font Info:    Font shape `T1/lmtt/bx/n' in size <10> not available
(Font)              Font shape `T1/lmtt/b/n' tried instead on input line 194.

LaTeX Font Warning: Font shape `T1/lmtt/bx/it' in size <10> not available
(Font)              Font shape `T1/lmtt/b/sl' tried instead on input line 194.

LaTeX Font Info:    Trying to load font information for TS1+lmtt on input line 
196.
(C:\Users\cchisholm\AppData\Local\Programs\MiKTeX 2.9\tex/latex/lm\ts1lmtt.fd
File: ts1lmtt.fd 2009/10/30 v1.6 Font defs for Latin Modern
) [2] [3] [4] [5] [6]
Overfull \hbox (107.7433pt too wide) in paragraph at lines 461--461
[]\T1/lmtt/m/n/10 forward 5 adds 5 to your horizontal position, a total of 5. B
ecause your aim is 0, your depth does not change.[] 
 []


Overfull \hbox (133.99323pt too wide) in paragraph at lines 461--461
[]\T1/lmtt/m/n/10 forward 8 adds 8 to your horizontal position, a total of 13. 
Because your aim is 5, your depth increases by 8*5=40.[] 
 []


Overfull \hbox (233.74294pt too wide) in paragraph at lines 461--461
[]\T1/lmtt/m/n/10 forward 2 adds 2 to your horizontal position, a total of 15. 
Because your aim is 10, your depth increases by 2*10=20 to a total of 60.[] 
 []

[7] [8] [9]
LaTeX Font Info:    Trying to load font information for TS1+lmr on input line 5
92.
(C:\Users\cchisholm\AppData\Local\Programs\MiKTeX 2.9\tex/latex/lm\ts1lmr.fd
File: ts1lmr.fd 2009/10/30 v1.6 Font defs for Latin Modern
) [10]

LaTeX Warning: Reference `fig:irisphoto' on page 11 undefined on input line 645
.

[11] [12]
No file colins-bookdown-hacked.bbl.
AED endfloat: Processing end Figures and Tables [13] (colins-bookdown-hacked.au
x)

LaTeX Warning: There were undefined references.

 ) 
Here is how much of TeX's memory you used:
 15605 strings out of 479323
 236164 string characters out of 2852775
 585319 words of memory out of 3000000
 32559 multiletter control sequences out of 15000+200000
 480848 words of font info for 139 fonts, out of 3000000 for 9000
 1141 hyphenation exceptions out of 8191
 85i,8n,88p,558b,493s stack positions out of 5000i,500n,10000p,200000b,50000s
pdfTeX warning (dest): name{Hfootnote.1} has been referenced but does not exi
st, replaced by a fixed one

{C:/Users/cchisholm/AppData/Local/Programs/MiKTeX 2.9/fonts/enc/dvips/lm/lm-ec.
enc}{C:/Users/cchisholm/AppData/Local/Programs/MiKTeX 2.9/fonts/enc/dvips/lm/lm
-ts1.enc}<C:/Users/cchisholm/AppData/Local/Programs/MiKTeX 2.9/fonts/type1/publ
ic/lm/lmbx10.pfb><C:/Users/cchisholm/AppData/Local/Programs/MiKTeX 2.9/fonts/ty
pe1/public/lm/lmbx12.pfb><C:/Users/cchisholm/AppData/Local/Programs/MiKTeX 2.9/
fonts/type1/public/lm/lmbx9.pfb><C:/Users/cchisholm/AppData/Local/Programs/MiKT
eX 2.9/fonts/type1/public/lm/lmr10.pfb><C:/Users/cchisholm/AppData/Local/Progra
ms/MiKTeX 2.9/fonts/type1/public/lm/lmr12.pfb><C:/Users/cchisholm/AppData/Local
/Programs/MiKTeX 2.9/fonts/type1/public/lm/lmr17.pfb><C:/Users/cchisholm/AppDat
a/Local/Programs/MiKTeX 2.9/fonts/type1/public/lm/lmr6.pfb><C:/Users/cchisholm/
AppData/Local/Programs/MiKTeX 2.9/fonts/type1/public/lm/lmr7.pfb><C:/Users/cchi
sholm/AppData/Local/Programs/MiKTeX 2.9/fonts/type1/public/lm/lmr8.pfb><C:/User
s/cchisholm/AppData/Local/Programs/MiKTeX 2.9/fonts/type1/public/lm/lmr9.pfb><C
:/Users/cchisholm/AppData/Local/Programs/MiKTeX 2.9/fonts/type1/public/lm/lmri1
0.pfb><C:/Users/cchisholm/AppData/Local/Programs/MiKTeX 2.9/fonts/type1/public/
lm/lmss8.pfb><C:/Users/cchisholm/AppData/Local/Programs/MiKTeX 2.9/fonts/type1/
public/lm/lmtk10.pfb><C:/Users/cchisholm/AppData/Local/Programs/MiKTeX 2.9/font
s/type1/public/lm/lmtko10.pfb><C:/Users/cchisholm/AppData/Local/Programs/MiKTeX
 2.9/fonts/type1/public/lm/lmtt10.pfb><C:/Users/cchisholm/AppData/Local/Program
s/MiKTeX 2.9/fonts/type1/public/lm/lmtti10.pfb>
Output written on colins-bookdown-hacked.pdf (13 pages, 424786 bytes).
PDF statistics:
 237 PDF objects out of 1000 (max. 8388607)
 53 named destinations out of 1000 (max. 500000)
 45153 words of extra memory for PDF output out of 51595 (max. 10000000)

